Arguments: 
  /usr/local/bin/node /usr/local/Cellar/yarn/1.22.4/libexec/bin/yarn.js global bin

PATH: 
  /Users/deathemperor_1/.yarn/bin:/usr/local/opt/mongodb@3.2/bin:/usr/local/bin:/usr/bin:/bin:/usr/sbin:/sbin:/var/root/.composer/vendor/bin:/Users/deathemperor/flutter/bin:/Applications/VMware Fusion.app/Contents/Public:/opt/X11/bin:/Library/Apple/usr/bin:/Library/Frameworks/Mono.framework/Versions/Current/Commands:/Applications/Cocos/Cocos2d-x:/Users/deathemperor/.sdkbox/bin:/usr/local/Cellar/ant/1.9.4/libexec/bin:/Users/deathemperor/Documents/android-sdk-macosx/sdk/tools:/Users/deathemperor/Documents/android-sdk-macosx/sdk/platform-tools:/Users/deathemperor/Documents/android-sdk-macosx/sdk:/Users/deathemperor/Documents/android-ndk-r10e:/usr/local/kdp/kd-client-c/templates:/usr/local/kdp/kd-client-c:/usr/local/kdp/kd-client-c/tools/cocos2d-console/bin:/usr/local/kdp/android/android-sdk-macos/sdk//tools:/usr/local/kdp/android/android-sdk-macos/sdk//platform-tools:/usr/local/kdp/android/android-sdk-macos/sdk/:/usr/local/kdp/android/android-ndk-r10e/:/usr/local/sbin:/usr/local/opt/php55/bin:/Users/deathemperor/bin:/usr/local/mysql/bin:/usr/local/kdp/android/android-sdk-macos/sdk/tools:/usr/local/kdp/android/android-sdk-macos/sdk/platform-tools:/Users/deathemperor_1/.composer/vendor/bin

Yarn version: 
  1.22.4

Node version: 
  12.20.1

Platform: 
  darwin x64

Trace: 
  Error: Failed to replace env in config: ${NPM_TOKEN}
      at /usr/local/Cellar/yarn/1.22.4/libexec/lib/cli.js:98869:13
      at String.replace (<anonymous>)
      at envReplace (/usr/local/Cellar/yarn/1.22.4/libexec/lib/cli.js:98864:16)
      at Function.normalizeConfig (/usr/local/Cellar/yarn/1.22.4/libexec/lib/cli.js:31887:69)
      at NpmRegistry.<anonymous> (/usr/local/Cellar/yarn/1.22.4/libexec/lib/cli.js:31917:34)
      at Generator.next (<anonymous>)
      at step (/usr/local/Cellar/yarn/1.22.4/libexec/lib/cli.js:310:30)
      at /usr/local/Cellar/yarn/1.22.4/libexec/lib/cli.js:321:13

npm manifest: 
  {
    "name": "input-name-here",
    "version": "1.0.0",
    "description": "",
    "main": "webpack.config.js",
    "author": "Bizzi",
    "license": "ISC",
    "scripts": {
      "start": "SLS_OFFLINE=true sls offline --stage dev",
      "test": "jest",
      "lint": "eslint '*/**/*.{js,ts}' --ignore-pattern node_modules --quiet --fix"
    },
    "husky": {
      "hooks": {
        "pre-commit": "npm run lint"
      }
    },
    "devDependencies": {
      "@babel/core": "^7.13.10",
      "@babel/plugin-transform-runtime": "^7.13.10",
      "@babel/preset-env": "^7.13.10",
      "@babel/preset-typescript": "^7.13.0",
      "@babel/runtime": "^7.13.10",
      "@bizzi-group/types": "^2.1.0",
      "@types/aws-lambda": "^8.10.72",
      "@types/jest": "^26.0.20",
      "@types/jsonwebtoken": "^8.5.0",
      "@types/node": "^14.14.33",
      "@typescript-eslint/eslint-plugin": "^4.17.0",
      "@typescript-eslint/parser": "^4.17.0",
      "babel-loader": "^8.2.2",
      "babel-plugin-source-map-support": "^2.1.3",
      "copy-webpack-plugin": "^8.0.0",
      "eslint": "^7.21.0",
      "eslint-config-prettier": "^8.1.0",
      "eslint-plugin-prettier": "^3.3.1",
      "husky": "^5.1.3",
      "jest": "^26.6.3",
      "prettier": "^2.2.1",
      "raw-loader": "^4.0.2",
      "serverless-dotenv-plugin": "^3.8.1",
      "serverless-offline": "^6.8.0",
      "serverless-offline-lambda": "^1.0.6",
      "serverless-webpack": "^5.3.5",
      "ts-jest": "^26.5.3",
      "ts-loader": "^8.0.17",
      "tsconfig-paths": "^3.9.0",
      "typescript": "^4.2.3",
      "webpack": "^5.24.4"
    },
    "dependencies": {
      "@types/bluebird": "^3.5.33",
      "@types/lodash": "^4.14.168",
      "axios": "^0.21.1",
      "bluebird": "^3.7.2",
      "graphql": "^15.5.0",
      "graphql-tools": "^7.0.4",
      "jsonwebtoken": "^8.5.1",
      "lodash": "^4.17.21",
      "request": "^2.88.2",
      "request-promise": "^4.2.6"
    }
  }

yarn manifest: 
  No manifest

Lockfile: 
  No lockfile
